2091-----2091添加了OP_boss之家-szq用例-----2014-04-11 10:06:12
2091-----2091添加了OP_VIP系统-szq用例-----2014-04-11 10:06:15
2091-----2091添加了OP_财富神石-szq用例-----2014-04-11 10:06:18
2091-----2091添加了OP_采集任务-szq用例-----2014-04-11 10:06:19
2091-----2091添加了OP_场景分线用例-----2014-04-11 10:06:20
2091-----2091添加了OP_场景内传送功能-szq用例-----2014-04-11 10:06:21
2091-----2091添加了OP_成就系统-szq用例-----2014-04-11 10:06:21
2091-----2091添加了OP_防沉迷系统-szq用例-----2014-04-11 10:06:22
2091-----2091添加了OP_封魔岭系统-szq用例-----2014-04-11 10:06:23
2091-----2091添加了OP_公会系统-szq用例-----2014-04-11 10:06:24
2091-----2091添加了OP_皇城危机-szq用例-----2014-04-11 10:06:27
2091-----2091添加了OP_聊天系统-szq用例-----2014-04-11 10:06:27
2091-----2091添加了OP_每日充值-szq用例-----2014-04-11 10:06:28
2091-----2091添加了OP_人物属性-szq用例-----2014-04-11 10:06:29
2091-----2091添加了OP_任务系统-szq用例-----2014-04-11 10:06:30
2091-----2091添加了OP_日常任务二期-szq用例-----2014-04-11 10:06:31
2091-----2091添加了OP_世界霸主争夺战-szq用例-----2014-04-11 10:06:32
2091-----2091添加了OP_体术系统-szq用例-----2014-04-11 10:06:35
2091-----2091添加了OP_香波地群岛之战-szq用例-----2014-04-11 10:06:36
2091-----2091添加了OP_雪域试炼场-szq用例-----2014-04-11 10:06:37
2091-----2091添加了OP_意见反馈-szq用例-----2014-04-11 10:06:37
2091-----2091添加了OP_装备系统-szq用例-----2014-04-11 10:06:38
2091-----2091添加了OP_公会系统-szq用例-----2014-04-11 11:12:23
2091-----2091添加了OP_boss之家-szq用例-----2014-04-15 11:00:05
2091-----2091添加了OP_VIP系统-szq用例-----2014-04-15 11:00:09
2091-----2091添加了OP_财富神石-szq用例-----2014-04-15 11:00:13
2091-----2091添加了OP_采集任务-szq用例-----2014-04-15 11:00:15
2091-----2091添加了OP_场景分线用例-----2014-04-15 11:00:17
2091-----2091添加了VIP福利_zy用例-----2014-04-15 11:05:45
2091-----2091添加了VIP礼包_zy用例-----2014-04-15 11:05:49
2091-----2091添加了背包_zy用例-----2014-04-15 11:05:51
2091-----2091添加了横扫千军(改版)_zy用例-----2014-04-15 11:05:54
2091-----2091添加了秒杀商店_zy用例-----2014-04-15 11:08:48
2091-----2091添加了横扫千军(改版)_zy用例-----2014-04-15 11:21:03
2091-----2091添加了VIP福利_zy用例-----2014-04-15 11:21:07
2091-----2091添加了VIP礼包_zy用例-----2014-04-15 11:21:09
2091-----2091添加了背包_zy用例-----2014-04-15 11:21:11
-----添加了横扫千军(改版)_zy用例-----2014-04-15 11:27:13
2091-----2091添加了VIP福利_zy用例-----2014-04-15 11:27:16
2091-----2091添加了VIP礼包_zy用例-----2014-04-15 11:27:19
2091-----2091添加了背包_zy用例-----2014-04-15 11:27:21
-----添加了横扫千军(改版)_zy用例-----2014-04-15 11:28:44
2091-----2091添加了VIP福利_zy用例-----2014-04-15 11:28:48
2091-----2091添加了VIP礼包_zy用例-----2014-04-15 11:28:50
2091-----2091添加了背包_zy用例-----2014-04-15 11:28:53
2091-----2091添加了VIP福利_zy用例-----2014-04-15 11:31:09
2091-----2091添加了横扫千军(改版)_zy用例-----2014-04-15 11:31:34
2091-----2091添加了VIP礼包_zy用例-----2014-04-15 11:31:39
2091-----2091添加了背包_zy用例-----2014-04-15 11:31:41
2091-----2091添加了横扫千军(改版)_zy用例-----2014-04-15 11:33:49
2091-----2091添加了VIP福利_zy用例-----2014-04-15 11:33:52
2091-----2091添加了VIP礼包_zy用例-----2014-04-15 11:33:54
2091-----2091添加了背包_zy用例-----2014-04-15 11:33:57
2091-----2091添加了VIP福利_zy用例-----2014-04-15 12:52:31
2091-----2091添加了VIP礼包_zy用例-----2014-04-15 12:52:34
2091-----2091添加了背包_zy用例-----2014-04-15 12:52:37
2091-----2091添加了横扫千军(改版)_zy用例-----2014-04-15 12:52:41
2091-----2091添加了OP_组队系统-szq用例-----2014-04-15 13:10:11
2091-----2091添加了OP_boss之家-szq用例-----2014-04-15 13:10:15
2091-----2091添加了OP_VIP系统-szq用例-----2014-04-15 13:10:20
2091-----2091添加了OP_财富神石-szq用例-----2014-04-15 13:10:24
2091-----2091添加了OP_采集任务-szq用例-----2014-04-15 13:10:27
2091-----2091添加了OP_场景分线用例-----2014-04-15 13:10:29
2091-----2091添加了OP_场景内传送功能-szq用例-----2014-04-15 13:10:32
2091-----2091添加了OP_成就系统-szq用例-----2014-04-15 13:10:34
2091-----2091添加了OP_防沉迷系统-szq用例-----2014-04-15 13:10:37
2091-----2091添加了OP_封魔岭系统-szq用例-----2014-04-15 13:10:39
2091-----2091添加了OP_公会系统-szq用例-----2014-04-15 13:10:43
2091-----2091添加了OP_皇城危机-szq用例-----2014-04-15 13:10:47
2091-----2091添加了OP_聊天系统-szq用例-----2014-04-15 13:10:49
2091-----2091添加了OP_每日充值-szq用例-----2014-04-15 13:10:52
2091-----2091添加了OP_人物属性-szq用例-----2014-04-15 13:10:55
2091-----2091添加了OP_任务系统-szq用例-----2014-04-15 13:10:58
2091-----2091添加了OP_日常任务二期-szq用例-----2014-04-15 13:11:01
2091-----2091添加了OP_世界霸主争夺战-szq用例-----2014-04-15 13:11:03
2091-----2091添加了OP_体术系统-szq用例-----2014-04-15 13:11:08
2091-----2091添加了OP_香波地群岛之战-szq用例-----2014-04-15 13:11:10
2091-----2091添加了OP_雪域试炼场-szq用例-----2014-04-15 13:11:13
2091-----2091添加了OP_意见反馈-szq用例-----2014-04-15 13:11:15
2091-----2091添加了OP_装备系统-szq用例-----2014-04-15 13:11:18
2091-----2091添加了装备_zy用例-----2014-04-15 13:17:19
2091-----2091添加了VIP福利_zy用例-----2014-04-15 13:17:22
2091-----2091添加了VIP礼包_zy用例-----2014-04-15 13:17:25
2091-----2091添加了背包_zy用例-----2014-04-15 13:17:29
2091-----2091添加了横扫千军(改版)_zy用例-----2014-04-15 13:17:33
2091-----2091添加了活跃度(改版)_zy用例-----2014-04-15 13:17:37
2091-----2091添加了累充礼包_zy用例-----2014-04-15 13:17:40
2091-----2091添加了秒杀商店_zy用例-----2014-04-15 13:17:43
2091-----2091添加了战斗_zy用例-----2014-04-15 13:17:46
0-----0变更了2091的组权限==>1000,1001-----2014-04-15 15:22:29
0-----删除了[ID=1002]的组-----2014-04-15 15:27:08
0-----0添加了OP_成就系统-szq用例-----2014-04-15 15:55:03
-----添加了OP_场景内传送功能-szq用例-----2014-04-15 15:55:20
0-----0添加了OP_场景内传送功能-szq用例-----2014-04-15 16:33:40
0-----0添加了OP_boss之家-szq用例-----2014-04-15 16:38:03
0-----0添加了OP_场景分线用例-----2014-04-15 16:46:51
0-----0添加了OP_封魔岭系统-szq用例-----2014-04-15 16:47:09
0-----0添加了OP_财富神石-szq用例-----2014-04-15 16:47:12
0-----0添加了OP_采集任务-szq用例-----2014-04-15 16:47:14
0-----0添加了OP_场景内传送功能-szq用例-----2014-04-15 16:47:19
0-----0添加了OP_成就系统-szq用例-----2014-04-15 16:47:22
0-----0添加了OP_防沉迷系统-szq用例-----2014-04-15 16:47:25
0-----0添加了OP_组队系统-szq用例-----2014-04-15 16:47:41
0-----0添加了OP_boss之家-szq用例-----2014-04-15 16:47:46
0-----0添加了OP_VIP系统-szq用例-----2014-04-15 16:47:51
